Using pre-set license
Built from '2020.2/release' branch; Version is '2020.2.2f1 (068178b99f32) revision 426360'; Using compiler version '192528614'; Build Type 'Release'
OS: 'Windows 10 Home; OS build 19041.867; Version 2004; 64bit' Language: 'en' Physical Memory: 16222 MB
BatchMode: 1, IsHumanControllingUs: 0, StartBugReporterOnCrash: 0, Is64bit: 1, IsPro: 0

 COMMAND LINE ARGUMENTS:
C:\Program Files\2020.2.2f1\Editor\Unity.exe
-adb2
-batchMode
-noUpm
-name
AssetImportWorker0
-projectPath
C:/Users/samya/Documents/Unity Projects/Ostrov/Ostrov
-logFile
Logs/AssetImportWorker0.log
-srvPort
62293
Successfully changed project path to: C:/Users/samya/Documents/Unity Projects/Ostrov/Ostrov
C:/Users/samya/Documents/Unity Projects/Ostrov/Ostrov
Using Asset Import Pipeline V2.
Refreshing native plugins compatible for Editor in 20.80 ms, found 0 plugins.
Preloading 0 native plugins for Editor in 0.00 ms.
Initialize engine version: 2020.2.2f1 (068178b99f32)
[Subsystems] Discovering subsystems at path C:/Program Files/2020.2.2f1/Editor/Data/Resources/UnitySubsystems
[Subsystems] Discovering subsystems at path C:/Users/samya/Documents/Unity Projects/Ostrov/Ostrov/Assets
GfxDevice: creating device client; threaded=0
Direct3D:
    Version:  Direct3D 11.0 [level 11.1]
    Renderer: NVIDIA GeForce RTX 2070 Super with Max-Q Design (ID=0x1ed1)
    Vendor:   
    VRAM:     8011 MB
    Driver:   27.21.14.5763
Initialize mono
Mono path[0] = 'C:/Program Files/2020.2.2f1/Editor/Data/Managed'
Mono path[1] = 'C:/Program Files/2020.2.2f1/Editor/Data/MonoBleedingEdge/lib/mono/unityjit'
Mono config path = 'C:/Program Files/2020.2.2f1/Editor/Data/MonoBleedingEdge/etc'
Using monoOptions --debugger-agent=transport=dt_socket,embedding=1,server=y,suspend=n,address=127.0.0.1:56536
Begin MonoManager ReloadAssembly
Registering precompiled unity dll's ...
Register platform support module: C:/Program Files/2020.2.2f1/Editor/Data/PlaybackEngines/WindowsStandaloneSupport/UnityEditor.WindowsStandalone.Extensions.dll
Registered in 0.002311 seconds.
Native extension for WindowsStandalone target not found
Refreshing native plugins compatible for Editor in 23.43 ms, found 0 plugins.
Preloading 0 native plugins for Editor in 0.00 ms.
Invoked RoslynAnalysisRunner static constructor.
RoslynAnalysisRunner will not be running.
RoslynAnalysisRunner has terminated.
Mono: successfully reloaded assembly
- Completed reload, in  1.000 seconds
Platform modules already initialized, skipping
Registering precompiled user dll's ...
Registered in 0.000728 seconds.
Begin MonoManager ReloadAssembly
Native extension for WindowsStandalone target not found
Refreshing native plugins compatible for Editor in 0.17 ms, found 0 plugins.
Preloading 0 native plugins for Editor in 0.00 ms.
Invoked RoslynAnalysisRunner static constructor.
RoslynAnalysisRunner will not be running.
RoslynAnalysisRunner has terminated.
Mono: successfully reloaded assembly
- Completed reload, in  0.710 seconds
Platform modules already initialized, skipping
========================================================================
Worker process is ready to serve import requests
Launched and connected shader compiler UnityShaderCompiler.exe after 0.04 seconds
Refreshing native plugins compatible for Editor in 0.23 ms, found 0 plugins.
Preloading 0 native plugins for Editor in 0.00 ms.
Unloading 1099 Unused Serialized files (Serialized files now loaded: 0)
System memory in use before: 68.1 MB.
System memory in use after: 68.2 MB.

Unloading 10 unused Assets to reduce memory usage. Loaded Objects now: 1554.
Total: 1.514000 ms (FindLiveObjects: 0.138200 ms CreateObjectMapping: 0.047900 ms MarkObjects: 1.247300 ms  DeleteObjects: 0.079700 ms)

========================================================================
Received Import Request.
  path: Assets/New Terrain.asset
  artifactKey: Guid(1acc70e0f87e21442b18b0e7316ccc7a) Importer(815301076,1909f56bfc062723c751e8b465ee728b)
Start importing Assets/New Terrain.asset using Guid(1acc70e0f87e21442b18b0e7316ccc7a) Importer(815301076,1909f56bfc062723c751e8b465ee728b)  -> (artifact id: 'dc5d33aa19ef84d473f9cc1998fac9a3') in 0.030004 seconds
  Import took 0.031975 seconds .

========================================================================
Received Import Request.
  Time since last request: 127.452400 seconds.
  path: Assets/SampleScenes
  artifactKey: Guid(3d8829ac873af27488b1412b8db301ab) Importer(815301076,1909f56bfc062723c751e8b465ee728b)
Start importing Assets/SampleScenes using Guid(3d8829ac873af27488b1412b8db301ab) Importer(815301076,1909f56bfc062723c751e8b465ee728b)  -> (artifact id: '8c58dcfdfa9fec383d58d2ac6abd2a62') in 0.002720 seconds
  Import took 0.004520 seconds .

========================================================================
Received Import Request.
  Time since last request: 5.884552 seconds.
  path: Assets
  artifactKey: Guid(00000000000000001000000000000000) Importer(815301076,1909f56bfc062723c751e8b465ee728b)
Start importing Assets using Guid(00000000000000001000000000000000) Importer(815301076,1909f56bfc062723c751e8b465ee728b)  -> (artifact id: '4a6e520b92ccfc61bcfa21a7bcab8468') in 0.001972 seconds
  Import took 0.003633 seconds .

========================================================================
Received Import Request.
  Time since last request: 0.000930 seconds.
  path: Assets
  artifactKey: Guid(00000000000000001000000000000000) Importer(815301076,1909f56bfc062723c751e8b465ee728b)
Start importing Assets using Guid(00000000000000001000000000000000) Importer(815301076,1909f56bfc062723c751e8b465ee728b)  -> (artifact id: '4a6e520b92ccfc61bcfa21a7bcab8468') in 0.001831 seconds
  Import took 0.003342 seconds .

========================================================================
Received Import Request.
  Time since last request: 10.834020 seconds.
  path: Assets/Imported Assets
  artifactKey: Guid(eeded8a43c877984d9dca4e74aeab694) Importer(815301076,1909f56bfc062723c751e8b465ee728b)
Start importing Assets/Imported Assets using Guid(eeded8a43c877984d9dca4e74aeab694) Importer(815301076,1909f56bfc062723c751e8b465ee728b)  -> (artifact id: '10f48d80348047ed94e8f92bc7a7c33c') in 0.002051 seconds
  Import took 0.004010 seconds .

========================================================================
Received Import Request.
  Time since last request: 9.878585 seconds.
  path: Assets/SampleScenes/Prefabs
  artifactKey: Guid(139086bdd1c7fd84b81df0968a55ce2d) Importer(815301076,1909f56bfc062723c751e8b465ee728b)
Start importing Assets/SampleScenes/Prefabs using Guid(139086bdd1c7fd84b81df0968a55ce2d) Importer(815301076,1909f56bfc062723c751e8b465ee728b)  -> (artifact id: 'b8a2d27882e2de72f494408bdba5f7b4') in 0.002073 seconds
  Import took 0.003616 seconds .

========================================================================
Received Import Request.
  Time since last request: 0.000378 seconds.
  path: Assets/SampleScenes/Prefabs
  artifactKey: Guid(139086bdd1c7fd84b81df0968a55ce2d) Importer(815301076,1909f56bfc062723c751e8b465ee728b)
Start importing Assets/SampleScenes/Prefabs using Guid(139086bdd1c7fd84b81df0968a55ce2d) Importer(815301076,1909f56bfc062723c751e8b465ee728b)  -> (artifact id: 'b8a2d27882e2de72f494408bdba5f7b4') in 0.001833 seconds
  Import took 0.003410 seconds .

========================================================================
Received Import Request.
  Time since last request: 0.084074 seconds.
  path: Assets/SampleScenes/Prefabs/Box.prefab
  artifactKey: Guid(d29ba28bd5caaed429838de8bac7be72) Importer(815301076,1909f56bfc062723c751e8b465ee728b)
Start importing Assets/SampleScenes/Prefabs/Box.prefab using Guid(d29ba28bd5caaed429838de8bac7be72) Importer(815301076,1909f56bfc062723c751e8b465ee728b)  -> (artifact id: '46ff9fb44d8ab16871f88bdb352f92b1') in 0.247831 seconds
  Import took 0.249519 seconds .

========================================================================
Received Import Request.
  Time since last request: 0.000163 seconds.
  path: Assets/SampleScenes/Prefabs/Wall.prefab
  artifactKey: Guid(fef5fcb209dce49409117a24775dfcb3) Importer(815301076,1909f56bfc062723c751e8b465ee728b)
Start importing Assets/SampleScenes/Prefabs/Wall.prefab using Guid(fef5fcb209dce49409117a24775dfcb3) Importer(815301076,1909f56bfc062723c751e8b465ee728b)  -> (artifact id: 'f825192c3354c3580395178f7a758dde') in 0.010376 seconds
  Import took 0.012149 seconds .

========================================================================
Received Import Request.
  Time since last request: 0.000151 seconds.
  path: Assets/SampleScenes/Prefabs/GoalPosts.prefab
  artifactKey: Guid(6df3f650b33fa604cb3f5923fa50d053) Importer(815301076,1909f56bfc062723c751e8b465ee728b)
Start importing Assets/SampleScenes/Prefabs/GoalPosts.prefab using Guid(6df3f650b33fa604cb3f5923fa50d053) Importer(815301076,1909f56bfc062723c751e8b465ee728b)  -> (artifact id: 'e55bf1257bdd43b038b8d46f30bfa296') in 0.013383 seconds
  Import took 0.015192 seconds .

========================================================================
Received Import Request.
  Time since last request: 0.000133 seconds.
  path: Assets/SampleScenes/Prefabs/GroundTrack.prefab
  artifactKey: Guid(f7afdcb1eabdee54790f55f84e3e4ac8) Importer(815301076,1909f56bfc062723c751e8b465ee728b)
Start importing Assets/SampleScenes/Prefabs/GroundTrack.prefab using Guid(f7afdcb1eabdee54790f55f84e3e4ac8) Importer(815301076,1909f56bfc062723c751e8b465ee728b)  -> (artifact id: '5ebe30a855587143847decda8621385e') in 0.087276 seconds
  Import took 0.089029 seconds .

========================================================================
Received Import Request.
  Time since last request: 0.000146 seconds.
  path: Assets/SampleScenes/Prefabs/Loop.prefab
  artifactKey: Guid(a2dd655bfef0f0849a2c33d8fb4a029c) Importer(815301076,1909f56bfc062723c751e8b465ee728b)
Start importing Assets/SampleScenes/Prefabs/Loop.prefab using Guid(a2dd655bfef0f0849a2c33d8fb4a029c) Importer(815301076,1909f56bfc062723c751e8b465ee728b)  -> (artifact id: '4cc4e7b5eb169830b7aeaa3340952d4d') in 0.007984 seconds
  Import took 0.009617 seconds .

========================================================================
Received Import Request.
  Time since last request: 0.000149 seconds.
  path: Assets/SampleScenes/Prefabs/Pillar.prefab
  artifactKey: Guid(d23a205aa0ed1234ba0a327f1232ff7e) Importer(815301076,1909f56bfc062723c751e8b465ee728b)
Start importing Assets/SampleScenes/Prefabs/Pillar.prefab using Guid(d23a205aa0ed1234ba0a327f1232ff7e) Importer(815301076,1909f56bfc062723c751e8b465ee728b)  -> (artifact id: '209231b2c7439625cc708907b7f948dd') in 0.020412 seconds
  Import took 0.022072 seconds .

========================================================================
Received Import Request.
  Time since last request: 0.000173 seconds.
  path: Assets/SampleScenes/Prefabs/SmashBoxes.prefab
  artifactKey: Guid(b592d2faa93e6ad46a6d520adf8f123e) Importer(815301076,1909f56bfc062723c751e8b465ee728b)
Start importing Assets/SampleScenes/Prefabs/SmashBoxes.prefab using Guid(b592d2faa93e6ad46a6d520adf8f123e) Importer(815301076,1909f56bfc062723c751e8b465ee728b)  -> (artifact id: '9437ec89fab444975c0867d4aadcea84') in 0.010496 seconds
  Import took 0.012198 seconds .

========================================================================
Received Import Request.
  Time since last request: 0.000132 seconds.
  path: Assets/SampleScenes/Prefabs/CameraSwitchUI.prefab
  artifactKey: Guid(b3495d363d7ccba40bc3e92c1a184e28) Importer(815301076,1909f56bfc062723c751e8b465ee728b)
Start importing Assets/SampleScenes/Prefabs/CameraSwitchUI.prefab using Guid(b3495d363d7ccba40bc3e92c1a184e28) Importer(815301076,1909f56bfc062723c751e8b465ee728b)  -> (artifact id: '9af57f50a3502184b7a863526c7e376a') in 0.014757 seconds
  Import took 0.016484 seconds .

========================================================================
Received Import Request.
  Time since last request: 0.000205 seconds.
  path: Assets/SampleScenes/Prefabs/ResetterUI.prefab
  artifactKey: Guid(28e490010bed5ea47a8a69e81bdd0c1c) Importer(815301076,1909f56bfc062723c751e8b465ee728b)
Start importing Assets/SampleScenes/Prefabs/ResetterUI.prefab using Guid(28e490010bed5ea47a8a69e81bdd0c1c) Importer(815301076,1909f56bfc062723c751e8b465ee728b)  -> (artifact id: '4b438bccdaaed65d0ab93f386355f8b5') in 0.003674 seconds
  Import took 0.005466 seconds .

========================================================================
Received Import Request.
  Time since last request: 0.000120 seconds.
  path: Assets/SampleScenes/Prefabs/MobileShaderReplacements.prefab
  artifactKey: Guid(76d89ae3180ce424ba0da8fc43e02035) Importer(815301076,1909f56bfc062723c751e8b465ee728b)
Start importing Assets/SampleScenes/Prefabs/MobileShaderReplacements.prefab using Guid(76d89ae3180ce424ba0da8fc43e02035) Importer(815301076,1909f56bfc062723c751e8b465ee728b)  -> (artifact id: '76c8864a11900af97778e19109e223bc') in 0.003362 seconds
  Import took 0.004856 seconds .

========================================================================
Received Import Request.
  Time since last request: 0.000215 seconds.
  path: Assets/SampleScenes/Prefabs/House.prefab
  artifactKey: Guid(cd3018213230a5c49a0e0f4609a10b9d) Importer(815301076,1909f56bfc062723c751e8b465ee728b)
Start importing Assets/SampleScenes/Prefabs/House.prefab using Guid(cd3018213230a5c49a0e0f4609a10b9d) Importer(815301076,1909f56bfc062723c751e8b465ee728b)  -> (artifact id: '11dde7a33ab7001bae28d2ca31250cee') in 0.007985 seconds
  Import took 0.009551 seconds .

========================================================================
Received Import Request.
  Time since last request: 0.000141 seconds.
  path: Assets/SampleScenes/Prefabs/LevelResetUI.prefab
  artifactKey: Guid(d2aaa8a2832d77144aa84d5d309ae2b3) Importer(815301076,1909f56bfc062723c751e8b465ee728b)
Start importing Assets/SampleScenes/Prefabs/LevelResetUI.prefab using Guid(d2aaa8a2832d77144aa84d5d309ae2b3) Importer(815301076,1909f56bfc062723c751e8b465ee728b)  -> (artifact id: '842b9f2de15083ee3b9c5c41e1a32fd9') in 0.003659 seconds
  Import took 0.005231 seconds .

========================================================================
Received Import Request.
  Time since last request: 0.000116 seconds.
  path: Assets/SampleScenes/Prefabs/Ring.prefab
  artifactKey: Guid(e9aa4b7def958e54bad9089e96b5a063) Importer(815301076,1909f56bfc062723c751e8b465ee728b)
Start importing Assets/SampleScenes/Prefabs/Ring.prefab using Guid(e9aa4b7def958e54bad9089e96b5a063) Importer(815301076,1909f56bfc062723c751e8b465ee728b)  -> (artifact id: '9e10ed036f035ae391310d4fc1123a88') in 0.008106 seconds
  Import took 0.009730 seconds .

========================================================================
Received Import Request.
  Time since last request: 0.000152 seconds.
  path: Assets/SampleScenes/Prefabs/GroundArena.prefab
  artifactKey: Guid(2799e6cfaf283a84e883ca79ffce608e) Importer(815301076,1909f56bfc062723c751e8b465ee728b)
Start importing Assets/SampleScenes/Prefabs/GroundArena.prefab using Guid(2799e6cfaf283a84e883ca79ffce608e) Importer(815301076,1909f56bfc062723c751e8b465ee728b)  -> (artifact id: '35f07101beef7b10a1fd2a59c29c792c') in 0.013258 seconds
  Import took 0.015228 seconds .

========================================================================
Received Import Request.
  Time since last request: 0.000189 seconds.
  path: Assets/SampleScenes/Prefabs/BoxSmall.prefab
  artifactKey: Guid(75c27bf47f501a74fa5723911612c226) Importer(815301076,1909f56bfc062723c751e8b465ee728b)
Start importing Assets/SampleScenes/Prefabs/BoxSmall.prefab using Guid(75c27bf47f501a74fa5723911612c226) Importer(815301076,1909f56bfc062723c751e8b465ee728b)  -> (artifact id: 'fd534a3b30401b73dc3bfef55c4900af') in 0.007974 seconds
  Import took 0.009840 seconds .

========================================================================
Received Import Request.
  Time since last request: 0.000134 seconds.
  path: Assets/SampleScenes/Prefabs/BoxPile.prefab
  artifactKey: Guid(ff3366103894bec429eeaa9b86b595e6) Importer(815301076,1909f56bfc062723c751e8b465ee728b)
Start importing Assets/SampleScenes/Prefabs/BoxPile.prefab using Guid(ff3366103894bec429eeaa9b86b595e6) Importer(815301076,1909f56bfc062723c751e8b465ee728b)  -> (artifact id: '5137299dd6f74a4437cc6b0c1d01cb35') in 0.008056 seconds
  Import took 0.009699 seconds .

========================================================================
Received Import Request.
  Time since last request: 0.000142 seconds.
  path: Assets/SampleScenes/Prefabs/GroundObstacles.prefab
  artifactKey: Guid(95bbe2885334e3c46b79c3419edb469c) Importer(815301076,1909f56bfc062723c751e8b465ee728b)
Start importing Assets/SampleScenes/Prefabs/GroundObstacles.prefab using Guid(95bbe2885334e3c46b79c3419edb469c) Importer(815301076,1909f56bfc062723c751e8b465ee728b)  -> (artifact id: 'bf499ac1a7a6080e2701f6dbdcfea7a4') in 0.009949 seconds
  Import took 0.011813 seconds .

========================================================================
Received Import Request.
  Time since last request: 0.000137 seconds.
  path: Assets/SampleScenes/Prefabs/CameraSwitch.prefab
  artifactKey: Guid(fdc378243b95c2144aa66bfc382d1b75) Importer(815301076,1909f56bfc062723c751e8b465ee728b)
Start importing Assets/SampleScenes/Prefabs/CameraSwitch.prefab using Guid(fdc378243b95c2144aa66bfc382d1b75) Importer(815301076,1909f56bfc062723c751e8b465ee728b)  -> (artifact id: '58f532a93209d1cc7fec01ad43009013') in 0.007993 seconds
  Import took 0.009920 seconds .

========================================================================
Received Import Request.
  Time since last request: 0.000137 seconds.
  path: Assets/SampleScenes/Prefabs/GroundRunway.prefab
  artifactKey: Guid(00690c0e075198740bd736a4731c7a90) Importer(815301076,1909f56bfc062723c751e8b465ee728b)
Start importing Assets/SampleScenes/Prefabs/GroundRunway.prefab using Guid(00690c0e075198740bd736a4731c7a90) Importer(815301076,1909f56bfc062723c751e8b465ee728b)  -> (artifact id: 'd702b730f5f0b4dbcbccd2da8c88e18a') in 0.010779 seconds
  Import took 0.012487 seconds .

========================================================================
Received Import Request.
  Time since last request: 0.000125 seconds.
  path: Assets/SampleScenes/Prefabs/Pickup.prefab
  artifactKey: Guid(2ed830309d1c9f640a65bf22d9060af1) Importer(815301076,1909f56bfc062723c751e8b465ee728b)
Start importing Assets/SampleScenes/Prefabs/Pickup.prefab using Guid(2ed830309d1c9f640a65bf22d9060af1) Importer(815301076,1909f56bfc062723c751e8b465ee728b)  -> (artifact id: '8afc47ebfab9edd7ac7a4d9636cb7b03') in 0.007817 seconds
  Import took 0.009487 seconds .

========================================================================
Received Import Request.
  Time since last request: 0.000146 seconds.
  path: Assets/SampleScenes/Prefabs/Sea.prefab
  artifactKey: Guid(92718a1040bbb9a4ab571265d9087f2b) Importer(815301076,1909f56bfc062723c751e8b465ee728b)
Start importing Assets/SampleScenes/Prefabs/Sea.prefab using Guid(92718a1040bbb9a4ab571265d9087f2b) Importer(815301076,1909f56bfc062723c751e8b465ee728b)  -> (artifact id: '84a6403baf36c845f478e8e44dfa58ad') in 0.003700 seconds
  Import took 0.005327 seconds .

========================================================================
Received Import Request.
  Time since last request: 0.000562 seconds.
  path: Assets/SampleScenes/Prefabs/Sea.prefab
  artifactKey: Guid(92718a1040bbb9a4ab571265d9087f2b) Importer(815301076,1909f56bfc062723c751e8b465ee728b)
Start importing Assets/SampleScenes/Prefabs/Sea.prefab using Guid(92718a1040bbb9a4ab571265d9087f2b) Importer(815301076,1909f56bfc062723c751e8b465ee728b)  -> (artifact id: '84a6403baf36c845f478e8e44dfa58ad') in 0.003179 seconds
  Import took 0.004815 seconds .

========================================================================
Received Import Request.
  Time since last request: 5.088111 seconds.
  path: Assets/SampleScenes/Scenes
  artifactKey: Guid(26c0bbb8e6792b546bf28bbe08d7c96d) Importer(815301076,1909f56bfc062723c751e8b465ee728b)
Start importing Assets/SampleScenes/Scenes using Guid(26c0bbb8e6792b546bf28bbe08d7c96d) Importer(815301076,1909f56bfc062723c751e8b465ee728b)  -> (artifact id: '9a6f907aa3d2ddc155b484d36d006861') in 0.002555 seconds
  Import took 0.004509 seconds .

========================================================================
Received Import Request.
  Time since last request: 0.000558 seconds.
  path: Assets/SampleScenes/Scenes
  artifactKey: Guid(26c0bbb8e6792b546bf28bbe08d7c96d) Importer(815301076,1909f56bfc062723c751e8b465ee728b)
Start importing Assets/SampleScenes/Scenes using Guid(26c0bbb8e6792b546bf28bbe08d7c96d) Importer(815301076,1909f56bfc062723c751e8b465ee728b)  -> (artifact id: '9a6f907aa3d2ddc155b484d36d006861') in 0.002609 seconds
  Import took 0.004508 seconds .

========================================================================
Received Import Request.
  Time since last request: 10.554490 seconds.
  path: Assets/Imported Assets/Standard Assets
  artifactKey: Guid(c6195a43a0187a34e9c6be23520d3766) Importer(815301076,1909f56bfc062723c751e8b465ee728b)
Start importing Assets/Imported Assets/Standard Assets using Guid(c6195a43a0187a34e9c6be23520d3766) Importer(815301076,1909f56bfc062723c751e8b465ee728b)  -> (artifact id: '699c39d25552c0d1b1956dc171ff4068') in 0.002415 seconds
  Import took 0.004253 seconds .

========================================================================
Received Import Request.
  Time since last request: 0.000587 seconds.
  path: Assets/Imported Assets/Standard Assets
  artifactKey: Guid(c6195a43a0187a34e9c6be23520d3766) Importer(815301076,1909f56bfc062723c751e8b465ee728b)
Start importing Assets/Imported Assets/Standard Assets using Guid(c6195a43a0187a34e9c6be23520d3766) Importer(815301076,1909f56bfc062723c751e8b465ee728b)  -> (artifact id: '699c39d25552c0d1b1956dc171ff4068') in 0.001821 seconds
  Import took 0.003518 seconds .

========================================================================
Received Import Request.
  Time since last request: 7.813532 seconds.
  path: Assets/Imported Assets/Standard Assets/Utility
  artifactKey: Guid(4539eb30e895bbb41b5eae6df2dde978) Importer(815301076,1909f56bfc062723c751e8b465ee728b)
Start importing Assets/Imported Assets/Standard Assets/Utility using Guid(4539eb30e895bbb41b5eae6df2dde978) Importer(815301076,1909f56bfc062723c751e8b465ee728b)  -> (artifact id: 'f2053e975735bd72953ad48b5ada209c') in 0.002133 seconds
  Import took 0.003906 seconds .

========================================================================
Received Import Request.
  Time since last request: 0.000579 seconds.
  path: Assets/Imported Assets/Standard Assets/Utility
  artifactKey: Guid(4539eb30e895bbb41b5eae6df2dde978) Importer(815301076,1909f56bfc062723c751e8b465ee728b)
Start importing Assets/Imported Assets/Standard Assets/Utility using Guid(4539eb30e895bbb41b5eae6df2dde978) Importer(815301076,1909f56bfc062723c751e8b465ee728b)  -> (artifact id: 'f2053e975735bd72953ad48b5ada209c') in 0.001869 seconds
  Import took 0.003436 seconds .

========================================================================
Received Import Request.
  Time since last request: 2.316553 seconds.
  path: Assets/Imported Assets/Standard Assets/Utility/SimpleActivatorMenu.cs
  artifactKey: Guid(69b69a5b0e0a85b4aa97a7edc40c37d1) Importer(815301076,1909f56bfc062723c751e8b465ee728b)
Start importing Assets/Imported Assets/Standard Assets/Utility/SimpleActivatorMenu.cs using Guid(69b69a5b0e0a85b4aa97a7edc40c37d1) Importer(815301076,1909f56bfc062723c751e8b465ee728b)  -> (artifact id: '7da38ff360a523dfceb65f97ee9138f5') in 0.007970 seconds
  Import took 0.009664 seconds .

========================================================================
Received Prepare
Registering precompiled user dll's ...
Registered in 0.000724 seconds.
Begin MonoManager ReloadAssembly
Native extension for WindowsStandalone target not found
Refreshing native plugins compatible for Editor in 0.23 ms, found 0 plugins.
Preloading 0 native plugins for Editor in 0.00 ms.
[ScriptCompilation] NOT recompiling all scripts because this is an import worker process. Reason to compile was: Define symbols changed
Invoked RoslynAnalysisRunner static constructor.
RoslynAnalysisRunner will not be running.
RoslynAnalysisRunner has terminated.
Mono: successfully reloaded assembly
- Completed reload, in  0.677 seconds
Platform modules already initialized, skipping
Refreshing native plugins compatible for Editor in 0.25 ms, found 0 plugins.
Preloading 0 native plugins for Editor in 0.00 ms.
Unloading 1215 Unused Serialized files (Serialized files now loaded: 0)
System memory in use before: 81.3 MB.
System memory in use after: 77.3 MB.

Unloading 25 unused Assets to reduce memory usage. Loaded Objects now: 1670.
Total: 3.545700 ms (FindLiveObjects: 0.180000 ms CreateObjectMapping: 0.045700 ms MarkObjects: 1.208300 ms  DeleteObjects: 2.110600 ms)

========================================================================
Received Import Request.
  Time since last request: 60.333307 seconds.
  path: Assets/Imported Assets/Standard Assets/Characters/ThirdPersonCharacter
  artifactKey: Guid(8912f13e18e67bc478684ec30d73bc64) Importer(815301076,1909f56bfc062723c751e8b465ee728b)
Start importing Assets/Imported Assets/Standard Assets/Characters/ThirdPersonCharacter using Guid(8912f13e18e67bc478684ec30d73bc64) Importer(815301076,1909f56bfc062723c751e8b465ee728b)  -> (artifact id: '587573596d220887bc18661c39c902a1') in 0.003580 seconds
  Import took 0.005235 seconds .

========================================================================
Received Import Request.
  Time since last request: 0.006028 seconds.
  path: Assets/Imported Assets/Standard Assets/Characters/ThirdPersonCharacter
  artifactKey: Guid(8912f13e18e67bc478684ec30d73bc64) Importer(815301076,1909f56bfc062723c751e8b465ee728b)
Start importing Assets/Imported Assets/Standard Assets/Characters/ThirdPersonCharacter using Guid(8912f13e18e67bc478684ec30d73bc64) Importer(815301076,1909f56bfc062723c751e8b465ee728b)  -> (artifact id: '587573596d220887bc18661c39c902a1') in 0.002050 seconds
  Import took 0.003891 seconds .

========================================================================
Received Import Request.
  Time since last request: 2.037097 seconds.
  path: Assets/Imported Assets/Standard Assets/Characters/ThirdPersonCharacter/Prefabs
  artifactKey: Guid(e09f07f9be24b2d4180a74a671348b5b) Importer(815301076,1909f56bfc062723c751e8b465ee728b)
Start importing Assets/Imported Assets/Standard Assets/Characters/ThirdPersonCharacter/Prefabs using Guid(e09f07f9be24b2d4180a74a671348b5b) Importer(815301076,1909f56bfc062723c751e8b465ee728b)  -> (artifact id: '2fd6110062a5745c1eb2cb90f4c288b4') in 0.001920 seconds
  Import took 0.003606 seconds .

========================================================================
Received Import Request.
  Time since last request: 0.000662 seconds.
  path: Assets/Imported Assets/Standard Assets/Characters/ThirdPersonCharacter/Prefabs
  artifactKey: Guid(e09f07f9be24b2d4180a74a671348b5b) Importer(815301076,1909f56bfc062723c751e8b465ee728b)
Start importing Assets/Imported Assets/Standard Assets/Characters/ThirdPersonCharacter/Prefabs using Guid(e09f07f9be24b2d4180a74a671348b5b) Importer(815301076,1909f56bfc062723c751e8b465ee728b)  -> (artifact id: '2fd6110062a5745c1eb2cb90f4c288b4') in 0.001764 seconds
  Import took 0.003332 seconds .

========================================================================
Received Import Request.
  Time since last request: 0.138296 seconds.
  path: Assets/Imported Assets/Standard Assets/Characters/ThirdPersonCharacter/Prefabs/AIThirdPersonController.prefab
  artifactKey: Guid(54eb5844754051b40a918a84c33b7c1a) Importer(815301076,1909f56bfc062723c751e8b465ee728b)
Start importing Assets/Imported Assets/Standard Assets/Characters/ThirdPersonCharacter/Prefabs/AIThirdPersonController.prefab using Guid(54eb5844754051b40a918a84c33b7c1a) Importer(815301076,1909f56bfc062723c751e8b465ee728b)  -> (artifact id: '644e1d8939697647723943091de128f8') in 0.322791 seconds
  Import took 0.327049 seconds .

========================================================================
Received Import Request.
  Time since last request: 0.000171 seconds.
  path: Assets/Imported Assets/Standard Assets/Characters/ThirdPersonCharacter/Prefabs/ThirdPersonController.prefab
  artifactKey: Guid(7737647c22c1fc64a88d5cd030c352ce) Importer(815301076,1909f56bfc062723c751e8b465ee728b)
Start importing Assets/Imported Assets/Standard Assets/Characters/ThirdPersonCharacter/Prefabs/ThirdPersonController.prefab using Guid(7737647c22c1fc64a88d5cd030c352ce) Importer(815301076,1909f56bfc062723c751e8b465ee728b)  -> (artifact id: 'a83d7ba44a3561c26b2e9012f92cab36') in 0.055200 seconds
  Import took 0.059421 seconds .

========================================================================
Received Import Request.
  Time since last request: 3.945469 seconds.
  path: Assets/Imported Assets/Standard Assets/Characters/ThirdPersonCharacter/ThirdPersonCharacterGuidelines.txt
  artifactKey: Guid(af82a5dcdad0f544c99fd1a84212021d) Importer(815301076,1909f56bfc062723c751e8b465ee728b)
Start importing Assets/Imported Assets/Standard Assets/Characters/ThirdPersonCharacter/ThirdPersonCharacterGuidelines.txt using Guid(af82a5dcdad0f544c99fd1a84212021d) Importer(815301076,1909f56bfc062723c751e8b465ee728b)  -> (artifact id: '15f705ae0c26d44f47821845f1aa7217') in 0.014553 seconds
  Import took 0.016423 seconds .

========================================================================
Received Import Request.
  Time since last request: 0.022485 seconds.
  path: Assets/Imported Assets/Standard Assets/Characters/ThirdPersonCharacter/ThirdPersonCharacterGuidelines.txt
  artifactKey: Guid(af82a5dcdad0f544c99fd1a84212021d) Importer(815301076,1909f56bfc062723c751e8b465ee728b)
Start importing Assets/Imported Assets/Standard Assets/Characters/ThirdPersonCharacter/ThirdPersonCharacterGuidelines.txt using Guid(af82a5dcdad0f544c99fd1a84212021d) Importer(815301076,1909f56bfc062723c751e8b465ee728b)  -> (artifact id: '15f705ae0c26d44f47821845f1aa7217') in 0.002191 seconds
  Import took 0.003812 seconds .

========================================================================
Received Prepare
Registering precompiled user dll's ...
Registered in 0.000812 seconds.
Begin MonoManager ReloadAssembly
Native extension for WindowsStandalone target not found
Refreshing native plugins compatible for Editor in 0.51 ms, found 0 plugins.
Preloading 0 native plugins for Editor in 0.00 ms.
[ScriptCompilation] NOT recompiling all scripts because this is an import worker process. Reason to compile was: Define symbols changed
Invoked RoslynAnalysisRunner static constructor.
RoslynAnalysisRunner will not be running.
RoslynAnalysisRunner has terminated.
Mono: successfully reloaded assembly
- Completed reload, in  0.740 seconds
Platform modules already initialized, skipping
Refreshing native plugins compatible for Editor in 0.39 ms, found 0 plugins.
Preloading 0 native plugins for Editor in 0.00 ms.
Unloading 1214 Unused Serialized files (Serialized files now loaded: 0)
System memory in use before: 92.4 MB.
System memory in use after: 88.4 MB.

Unloading 25 unused Assets to reduce memory usage. Loaded Objects now: 1674.
Total: 4.028800 ms (FindLiveObjects: 0.241800 ms CreateObjectMapping: 0.070400 ms MarkObjects: 1.306500 ms  DeleteObjects: 2.408100 ms)

========================================================================
Received Import Request.
  Time since last request: 1726.738545 seconds.
  path: Assets/Scenes
  artifactKey: Guid(0c2da0151ed4f02428bb437bb88c8cdc) Importer(815301076,1909f56bfc062723c751e8b465ee728b)
Start importing Assets/Scenes using Guid(0c2da0151ed4f02428bb437bb88c8cdc) Importer(815301076,1909f56bfc062723c751e8b465ee728b)  -> (artifact id: '4e4dc51f404961ff57c89bf0180bdb4d') in 0.005678 seconds
  Import took 0.008429 seconds .

========================================================================
Received Import Request.
  Time since last request: 1.770593 seconds.
  path: Assets/Scenes/SampleScene.unity
  artifactKey: Guid(9fc0d4010bbf28b4594072e72b8655ab) Importer(815301076,1909f56bfc062723c751e8b465ee728b)
Start importing Assets/Scenes/SampleScene.unity using Guid(9fc0d4010bbf28b4594072e72b8655ab) Importer(815301076,1909f56bfc062723c751e8b465ee728b)  -> (artifact id: '9831e44e2a700a6e1119228b2d38e767') in 0.008913 seconds
  Import took 0.010611 seconds .

========================================================================
Received Import Request.
  Time since last request: 6.952394 seconds.
  path: Assets/Scenes/Ostrov.unity
  artifactKey: Guid(9fc0d4010bbf28b4594072e72b8655ab) Importer(815301076,1909f56bfc062723c751e8b465ee728b)
Start importing Assets/Scenes/Ostrov.unity using Guid(9fc0d4010bbf28b4594072e72b8655ab) Importer(815301076,1909f56bfc062723c751e8b465ee728b)  -> (artifact id: 'c68e93c36a4f6a97c81555dcc3980ab1') in 0.003267 seconds
  Import took 0.005364 seconds .

========================================================================
Received Prepare
Registering precompiled user dll's ...
Registered in 0.000780 seconds.
Begin MonoManager ReloadAssembly
Native extension for WindowsStandalone target not found
Refreshing native plugins compatible for Editor in 0.24 ms, found 0 plugins.
Preloading 0 native plugins for Editor in 0.00 ms.
Invalid AssetDatabase path: /Editor/EditorResources/cm_logo_sm.png. Use path relative to the project folder.
UnityEngine.StackTraceUtility:ExtractStackTrace ()
UnityEditor.AssetDatabase:LoadAssetAtPath<UnityEngine.Texture2D> (string)
Cinemachine.Editor.CinemachineSettings:get_CinemachineLogoTexture () (at Library/PackageCache/com.unity.cinemachine@2.6.3/Editor/Windows/CinemachineSettings.cs:205)
Cinemachine.Editor.CinemachineSettings:.cctor () (at Library/PackageCache/com.unity.cinemachine@2.6.3/Editor/Windows/CinemachineSettings.cs:237)
Cinemachine.CinemachineColliderPrefs:.cctor () (at Library/PackageCache/com.unity.cinemachine@2.6.3/Editor/Windows/CinemachineColliderPrefs.cs:61)
System.Runtime.CompilerServices.RuntimeHelpers:RunClassConstructor (System.RuntimeTypeHandle)
UnityEditor.EditorAssemblies:ProcessInitializeOnLoadAttributes (System.Type[])

[Library/PackageCache/com.unity.cinemachine@2.6.3/Editor/Windows/CinemachineSettings.cs line 205]

Invoked RoslynAnalysisRunner static constructor.
RoslynAnalysisRunner will not be running.
RoslynAnalysisRunner has terminated.
Mono: successfully reloaded assembly
- Completed reload, in  0.624 seconds
Platform modules already initialized, skipping
Refreshing native plugins compatible for Editor in 0.25 ms, found 0 plugins.
Preloading 0 native plugins for Editor in 0.00 ms.
Unloading 1360 Unused Serialized files (Serialized files now loaded: 0)
System memory in use before: 98.5 MB.
System memory in use after: 94.5 MB.

Unloading 26 unused Assets to reduce memory usage. Loaded Objects now: 1821.
Total: 4.403400 ms (FindLiveObjects: 0.291600 ms CreateObjectMapping: 0.076900 ms MarkObjects: 1.618500 ms  DeleteObjects: 2.415600 ms)

========================================================================
Received Import Request.
  Time since last request: 323.348290 seconds.
  path: Assets/New Terrain 1.asset
  artifactKey: Guid(371d015d60dac7d47bd2af0495961b83) Importer(815301076,1909f56bfc062723c751e8b465ee728b)
Start importing Assets/New Terrain 1.asset using Guid(371d015d60dac7d47bd2af0495961b83) Importer(815301076,1909f56bfc062723c751e8b465ee728b)  -> (artifact id: 'a25389a85e0e5b194bded435c0271aab') in 0.015242 seconds
  Import took 0.017547 seconds .

========================================================================
Received Prepare
Registering precompiled user dll's ...
Registered in 0.000822 seconds.
Begin MonoManager ReloadAssembly
Native extension for WindowsStandalone target not found
Refreshing native plugins compatible for Editor in 0.25 ms, found 0 plugins.
Preloading 0 native plugins for Editor in 0.00 ms.
Invoked RoslynAnalysisRunner static constructor.
RoslynAnalysisRunner will not be running.
RoslynAnalysisRunner has terminated.
Mono: successfully reloaded assembly
- Completed reload, in  0.679 seconds
Platform modules already initialized, skipping
Refreshing native plugins compatible for Editor in 0.26 ms, found 0 plugins.
Preloading 0 native plugins for Editor in 0.00 ms.
Unloading 1361 Unused Serialized files (Serialized files now loaded: 0)
System memory in use before: 98.8 MB.
System memory in use after: 94.8 MB.

Unloading 27 unused Assets to reduce memory usage. Loaded Objects now: 1824.
Total: 4.068500 ms (FindLiveObjects: 0.222900 ms CreateObjectMapping: 0.048500 ms MarkObjects: 1.348800 ms  DeleteObjects: 2.447300 ms)

========================================================================
Received Prepare
Registering precompiled user dll's ...
Registered in 0.000724 seconds.
Begin MonoManager ReloadAssembly
Native extension for WindowsStandalone target not found
Refreshing native plugins compatible for Editor in 0.35 ms, found 0 plugins.
Preloading 0 native plugins for Editor in 0.00 ms.
Invoked RoslynAnalysisRunner static constructor.
RoslynAnalysisRunner will not be running.
RoslynAnalysisRunner has terminated.
Mono: successfully reloaded assembly
- Completed reload, in  0.650 seconds
Platform modules already initialized, skipping
Refreshing native plugins compatible for Editor in 0.25 ms, found 0 plugins.
Preloading 0 native plugins for Editor in 0.00 ms.
Unloading 1360 Unused Serialized files (Serialized files now loaded: 0)
System memory in use before: 98.9 MB.
System memory in use after: 94.9 MB.

Unloading 27 unused Assets to reduce memory usage. Loaded Objects now: 1826.
Total: 4.967400 ms (FindLiveObjects: 0.309700 ms CreateObjectMapping: 0.136000 ms MarkObjects: 1.530200 ms  DeleteObjects: 2.989200 ms)

========================================================================
Received Import Request.
  Time since last request: 371.161891 seconds.
  path: Assets/Custom Scripts
  artifactKey: Guid(6f338978e39c00749a13188a38e74343) Importer(815301076,1909f56bfc062723c751e8b465ee728b)
Start importing Assets/Custom Scripts using Guid(6f338978e39c00749a13188a38e74343) Importer(815301076,1909f56bfc062723c751e8b465ee728b)  -> (artifact id: 'e5029e0f1a957d67233f87bc8c8adf55') in 0.004522 seconds
  Import took 0.006478 seconds .

========================================================================
Received Import Request.
  Time since last request: 11.584234 seconds.
  path: Assets/Custom Scripts/Third Person Controller.cs
  artifactKey: Guid(310cb1dd7325a9342b9a365e75bf95a5) Importer(815301076,1909f56bfc062723c751e8b465ee728b)
Start importing Assets/Custom Scripts/Third Person Controller.cs using Guid(310cb1dd7325a9342b9a365e75bf95a5) Importer(815301076,1909f56bfc062723c751e8b465ee728b)  -> (artifact id: 'e37d89c924aecb6824f49cd0d206ba1a') in 0.002222 seconds
  Import took 0.004104 seconds .

========================================================================
Received Prepare
Registering precompiled user dll's ...
Registered in 0.000906 seconds.
Begin MonoManager ReloadAssembly
Native extension for WindowsStandalone target not found
Refreshing native plugins compatible for Editor in 0.25 ms, found 0 plugins.
Preloading 0 native plugins for Editor in 0.00 ms.
Invoked RoslynAnalysisRunner static constructor.
RoslynAnalysisRunner will not be running.
RoslynAnalysisRunner has terminated.
Mono: successfully reloaded assembly
- Completed reload, in  0.657 seconds
Platform modules already initialized, skipping
Refreshing native plugins compatible for Editor in 0.25 ms, found 0 plugins.
Preloading 0 native plugins for Editor in 0.00 ms.
Unloading 1361 Unused Serialized files (Serialized files now loaded: 0)
System memory in use before: 99.0 MB.
System memory in use after: 95.0 MB.

Unloading 27 unused Assets to reduce memory usage. Loaded Objects now: 1829.
Total: 3.883800 ms (FindLiveObjects: 0.158100 ms CreateObjectMapping: 0.051600 ms MarkObjects: 1.213600 ms  DeleteObjects: 2.459600 ms)

========================================================================
Received Prepare
Registering precompiled user dll's ...
Registered in 0.000895 seconds.
Begin MonoManager ReloadAssembly
Native extension for WindowsStandalone target not found
Refreshing native plugins compatible for Editor in 0.24 ms, found 0 plugins.
Preloading 0 native plugins for Editor in 0.00 ms.
Invoked RoslynAnalysisRunner static constructor.
RoslynAnalysisRunner will not be running.
RoslynAnalysisRunner has terminated.
Mono: successfully reloaded assembly
- Completed reload, in  0.649 seconds
Platform modules already initialized, skipping
Refreshing native plugins compatible for Editor in 0.25 ms, found 0 plugins.
Preloading 0 native plugins for Editor in 0.00 ms.
Unloading 1360 Unused Serialized files (Serialized files now loaded: 0)
System memory in use before: 99.1 MB.
System memory in use after: 95.2 MB.

Unloading 28 unused Assets to reduce memory usage. Loaded Objects now: 1830.
Total: 3.903400 ms (FindLiveObjects: 0.143200 ms CreateObjectMapping: 0.044900 ms MarkObjects: 1.276300 ms  DeleteObjects: 2.438000 ms)

========================================================================
Received Prepare
Registering precompiled user dll's ...
Registered in 0.000779 seconds.
Begin MonoManager ReloadAssembly
Native extension for WindowsStandalone target not found
Refreshing native plugins compatible for Editor in 0.25 ms, found 0 plugins.
Preloading 0 native plugins for Editor in 0.00 ms.
Invoked RoslynAnalysisRunner static constructor.
RoslynAnalysisRunner will not be running.
RoslynAnalysisRunner has terminated.
Mono: successfully reloaded assembly
- Completed reload, in  0.653 seconds
Platform modules already initialized, skipping
Refreshing native plugins compatible for Editor in 0.25 ms, found 0 plugins.
Preloading 0 native plugins for Editor in 0.00 ms.
Unloading 1361 Unused Serialized files (Serialized files now loaded: 0)
System memory in use before: 99.3 MB.
System memory in use after: 95.4 MB.

Unloading 27 unused Assets to reduce memory usage. Loaded Objects now: 1833.
Total: 3.913500 ms (FindLiveObjects: 0.189300 ms CreateObjectMapping: 0.044300 ms MarkObjects: 1.223700 ms  DeleteObjects: 2.455500 ms)

========================================================================
Received Prepare
Registering precompiled user dll's ...
Registered in 0.001300 seconds.
Begin MonoManager ReloadAssembly
Native extension for WindowsStandalone target not found
Refreshing native plugins compatible for Editor in 0.27 ms, found 0 plugins.
Preloading 0 native plugins for Editor in 0.00 ms.
Invoked RoslynAnalysisRunner static constructor.
RoslynAnalysisRunner will not be running.
RoslynAnalysisRunner has terminated.
Mono: successfully reloaded assembly
- Completed reload, in  0.819 seconds
Platform modules already initialized, skipping
Refreshing native plugins compatible for Editor in 0.25 ms, found 0 plugins.
Preloading 0 native plugins for Editor in 0.00 ms.
Unloading 1361 Unused Serialized files (Serialized files now loaded: 0)
System memory in use before: 99.4 MB.
System memory in use after: 95.5 MB.

Unloading 27 unused Assets to reduce memory usage. Loaded Objects now: 1835.
Total: 4.307400 ms (FindLiveObjects: 0.241400 ms CreateObjectMapping: 0.095200 ms MarkObjects: 1.237300 ms  DeleteObjects: 2.731700 ms)

========================================================================
Received Prepare
Registering precompiled user dll's ...
Registered in 0.001439 seconds.
Begin MonoManager ReloadAssembly
Native extension for WindowsStandalone target not found
Refreshing native plugins compatible for Editor in 0.27 ms, found 0 plugins.
Preloading 0 native plugins for Editor in 0.00 ms.
Invoked RoslynAnalysisRunner static constructor.
RoslynAnalysisRunner will not be running.
RoslynAnalysisRunner has terminated.
Mono: successfully reloaded assembly
- Completed reload, in  0.750 seconds
Platform modules already initialized, skipping
Refreshing native plugins compatible for Editor in 0.24 ms, found 0 plugins.
Preloading 0 native plugins for Editor in 0.00 ms.
Unloading 1361 Unused Serialized files (Serialized files now loaded: 0)
System memory in use before: 99.7 MB.
System memory in use after: 95.7 MB.

Unloading 27 unused Assets to reduce memory usage. Loaded Objects now: 1837.
Total: 4.040800 ms (FindLiveObjects: 0.260800 ms CreateObjectMapping: 0.085600 ms MarkObjects: 1.289300 ms  DeleteObjects: 2.403400 ms)

========================================================================
Received Prepare
Registering precompiled user dll's ...
Registered in 0.000856 seconds.
Begin MonoManager ReloadAssembly
Native extension for WindowsStandalone target not found
Refreshing native plugins compatible for Editor in 0.25 ms, found 0 plugins.
Preloading 0 native plugins for Editor in 0.00 ms.
Invoked RoslynAnalysisRunner static constructor.
RoslynAnalysisRunner will not be running.
RoslynAnalysisRunner has terminated.
Mono: successfully reloaded assembly
- Completed reload, in  0.670 seconds
Platform modules already initialized, skipping
Refreshing native plugins compatible for Editor in 0.25 ms, found 0 plugins.
Preloading 0 native plugins for Editor in 0.00 ms.
Unloading 1361 Unused Serialized files (Serialized files now loaded: 0)
System memory in use before: 99.8 MB.
System memory in use after: 95.8 MB.

Unloading 27 unused Assets to reduce memory usage. Loaded Objects now: 1839.
Total: 4.002500 ms (FindLiveObjects: 0.138300 ms CreateObjectMapping: 0.040800 ms MarkObjects: 1.251500 ms  DeleteObjects: 2.570900 ms)

========================================================================
Received Prepare
Registering precompiled user dll's ...
Registered in 0.000843 seconds.
Begin MonoManager ReloadAssembly
Native extension for WindowsStandalone target not found
Refreshing native plugins compatible for Editor in 0.37 ms, found 0 plugins.
Preloading 0 native plugins for Editor in 0.00 ms.
Invoked RoslynAnalysisRunner static constructor.
RoslynAnalysisRunner will not be running.
RoslynAnalysisRunner has terminated.
Mono: successfully reloaded assembly
- Completed reload, in  0.645 seconds
Platform modules already initialized, skipping
Refreshing native plugins compatible for Editor in 0.26 ms, found 0 plugins.
Preloading 0 native plugins for Editor in 0.00 ms.
Unloading 1361 Unused Serialized files (Serialized files now loaded: 0)
System memory in use before: 100.0 MB.
System memory in use after: 96.0 MB.

Unloading 27 unused Assets to reduce memory usage. Loaded Objects now: 1841.
Total: 4.401500 ms (FindLiveObjects: 0.323600 ms CreateObjectMapping: 0.122600 ms MarkObjects: 1.276500 ms  DeleteObjects: 2.677900 ms)

========================================================================
Received Prepare
Registering precompiled user dll's ...
Registered in 0.000707 seconds.
Begin MonoManager ReloadAssembly
Native extension for WindowsStandalone target not found
Refreshing native plugins compatible for Editor in 0.25 ms, found 0 plugins.
Preloading 0 native plugins for Editor in 0.00 ms.
Invoked RoslynAnalysisRunner static constructor.
RoslynAnalysisRunner will not be running.
RoslynAnalysisRunner has terminated.
Mono: successfully reloaded assembly
- Completed reload, in  0.679 seconds
Platform modules already initialized, skipping
Refreshing native plugins compatible for Editor in 0.25 ms, found 0 plugins.
Preloading 0 native plugins for Editor in 0.00 ms.
Unloading 1361 Unused Serialized files (Serialized files now loaded: 0)
System memory in use before: 100.0 MB.
System memory in use after: 96.1 MB.

Unloading 27 unused Assets to reduce memory usage. Loaded Objects now: 1843.
Total: 3.701200 ms (FindLiveObjects: 0.124300 ms CreateObjectMapping: 0.031500 ms MarkObjects: 1.104700 ms  DeleteObjects: 2.439600 ms)

========================================================================
Received Prepare
Registering precompiled user dll's ...
Registered in 0.000718 seconds.
Begin MonoManager ReloadAssembly
Native extension for WindowsStandalone target not found
Refreshing native plugins compatible for Editor in 0.24 ms, found 0 plugins.
Preloading 0 native plugins for Editor in 0.00 ms.
Invoked RoslynAnalysisRunner static constructor.
RoslynAnalysisRunner will not be running.
RoslynAnalysisRunner has terminated.
Mono: successfully reloaded assembly
- Completed reload, in  0.642 seconds
Platform modules already initialized, skipping
Refreshing native plugins compatible for Editor in 0.25 ms, found 0 plugins.
Preloading 0 native plugins for Editor in 0.00 ms.
Unloading 1361 Unused Serialized files (Serialized files now loaded: 0)
System memory in use before: 99.3 MB.
System memory in use after: 95.3 MB.

Unloading 27 unused Assets to reduce memory usage. Loaded Objects now: 1845.
Total: 4.262700 ms (FindLiveObjects: 0.215000 ms CreateObjectMapping: 0.084600 ms MarkObjects: 1.379100 ms  DeleteObjects: 2.583100 ms)

========================================================================
Received Prepare
Registering precompiled user dll's ...
Registered in 0.000848 seconds.
Begin MonoManager ReloadAssembly
Native extension for WindowsStandalone target not found
Refreshing native plugins compatible for Editor in 0.26 ms, found 0 plugins.
Preloading 0 native plugins for Editor in 0.00 ms.
Invoked RoslynAnalysisRunner static constructor.
RoslynAnalysisRunner will not be running.
RoslynAnalysisRunner has terminated.
Mono: successfully reloaded assembly
- Completed reload, in  0.664 seconds
Platform modules already initialized, skipping
Refreshing native plugins compatible for Editor in 0.30 ms, found 0 plugins.
Preloading 0 native plugins for Editor in 0.00 ms.
Unloading 1361 Unused Serialized files (Serialized files now loaded: 0)
System memory in use before: 99.4 MB.
System memory in use after: 95.4 MB.

Unloading 27 unused Assets to reduce memory usage. Loaded Objects now: 1847.
Total: 4.267900 ms (FindLiveObjects: 0.150500 ms CreateObjectMapping: 0.040200 ms MarkObjects: 1.521300 ms  DeleteObjects: 2.555000 ms)

========================================================================
Received Prepare
Registering precompiled user dll's ...
Registered in 0.000756 seconds.
Begin MonoManager ReloadAssembly
Native extension for WindowsStandalone target not found
Refreshing native plugins compatible for Editor in 0.24 ms, found 0 plugins.
Preloading 0 native plugins for Editor in 0.00 ms.
Invoked RoslynAnalysisRunner static constructor.
RoslynAnalysisRunner will not be running.
RoslynAnalysisRunner has terminated.
Mono: successfully reloaded assembly
- Completed reload, in  0.666 seconds
Platform modules already initialized, skipping
Refreshing native plugins compatible for Editor in 0.25 ms, found 0 plugins.
Preloading 0 native plugins for Editor in 0.00 ms.
Unloading 1361 Unused Serialized files (Serialized files now loaded: 0)
System memory in use before: 99.5 MB.
System memory in use after: 95.6 MB.

Unloading 27 unused Assets to reduce memory usage. Loaded Objects now: 1849.
Total: 4.335600 ms (FindLiveObjects: 0.294900 ms CreateObjectMapping: 0.119100 ms MarkObjects: 1.314100 ms  DeleteObjects: 2.606900 ms)

========================================================================
Received Prepare
Registering precompiled user dll's ...
Registered in 0.000753 seconds.
Begin MonoManager ReloadAssembly
Native extension for WindowsStandalone target not found
Refreshing native plugins compatible for Editor in 0.25 ms, found 0 plugins.
Preloading 0 native plugins for Editor in 0.00 ms.
Invoked RoslynAnalysisRunner static constructor.
RoslynAnalysisRunner will not be running.
RoslynAnalysisRunner has terminated.
Mono: successfully reloaded assembly
- Completed reload, in  0.672 seconds
Platform modules already initialized, skipping
Refreshing native plugins compatible for Editor in 0.25 ms, found 0 plugins.
Preloading 0 native plugins for Editor in 0.00 ms.
Unloading 1361 Unused Serialized files (Serialized files now loaded: 0)
System memory in use before: 99.7 MB.
System memory in use after: 95.7 MB.

Unloading 27 unused Assets to reduce memory usage. Loaded Objects now: 1851.
Total: 3.861500 ms (FindLiveObjects: 0.184600 ms CreateObjectMapping: 0.041600 ms MarkObjects: 1.133400 ms  DeleteObjects: 2.500800 ms)

========================================================================
Received Prepare
Registering precompiled user dll's ...
Registered in 0.000932 seconds.
Begin MonoManager ReloadAssembly
Native extension for WindowsStandalone target not found
Refreshing native plugins compatible for Editor in 0.26 ms, found 0 plugins.
Preloading 0 native plugins for Editor in 0.00 ms.
Invoked RoslynAnalysisRunner static constructor.
RoslynAnalysisRunner will not be running.
RoslynAnalysisRunner has terminated.
Mono: successfully reloaded assembly
- Completed reload, in  0.702 seconds
Platform modules already initialized, skipping
Refreshing native plugins compatible for Editor in 0.25 ms, found 0 plugins.
Preloading 0 native plugins for Editor in 0.00 ms.
Unloading 1361 Unused Serialized files (Serialized files now loaded: 0)
System memory in use before: 99.8 MB.
System memory in use after: 95.9 MB.

Unloading 27 unused Assets to reduce memory usage. Loaded Objects now: 1853.
Total: 3.843900 ms (FindLiveObjects: 0.211300 ms CreateObjectMapping: 0.053200 ms MarkObjects: 1.201100 ms  DeleteObjects: 2.377600 ms)

========================================================================
Received Prepare
Registering precompiled user dll's ...
Registered in 0.000702 seconds.
Begin MonoManager ReloadAssembly
Native extension for WindowsStandalone target not found
Refreshing native plugins compatible for Editor in 0.24 ms, found 0 plugins.
Preloading 0 native plugins for Editor in 0.00 ms.
Invoked RoslynAnalysisRunner static constructor.
RoslynAnalysisRunner will not be running.
RoslynAnalysisRunner has terminated.
Mono: successfully reloaded assembly
- Completed reload, in  0.613 seconds
Platform modules already initialized, skipping
Refreshing native plugins compatible for Editor in 0.25 ms, found 0 plugins.
Preloading 0 native plugins for Editor in 0.00 ms.
Unloading 1361 Unused Serialized files (Serialized files now loaded: 0)
System memory in use before: 100.0 MB.
System memory in use after: 96.0 MB.

Unloading 27 unused Assets to reduce memory usage. Loaded Objects now: 1855.
Total: 3.859700 ms (FindLiveObjects: 0.181400 ms CreateObjectMapping: 0.041400 ms MarkObjects: 1.226000 ms  DeleteObjects: 2.410100 ms)

========================================================================
Received Import Request.
  Time since last request: 1415.949573 seconds.
  path: ProjectSettings/TagManager.asset
  artifactKey: Guid(00000000000000003000000000000000) Importer(815301076,1909f56bfc062723c751e8b465ee728b)
Start importing ProjectSettings/TagManager.asset using Guid(00000000000000003000000000000000) Importer(815301076,1909f56bfc062723c751e8b465ee728b)  -> (artifact id: '1efec719c81060231ab49e0da4b313b9') in 0.011021 seconds
  Import took 0.013078 seconds .

========================================================================
Received Prepare
Registering precompiled user dll's ...
Registered in 0.000852 seconds.
Begin MonoManager ReloadAssembly
Native extension for WindowsStandalone target not found
Refreshing native plugins compatible for Editor in 0.25 ms, found 0 plugins.
Preloading 0 native plugins for Editor in 0.00 ms.
Invoked RoslynAnalysisRunner static constructor.
RoslynAnalysisRunner will not be running.
RoslynAnalysisRunner has terminated.
Mono: successfully reloaded assembly
- Completed reload, in  0.651 seconds
Platform modules already initialized, skipping
Refreshing native plugins compatible for Editor in 0.32 ms, found 0 plugins.
Preloading 0 native plugins for Editor in 0.00 ms.
Unloading 1362 Unused Serialized files (Serialized files now loaded: 0)
System memory in use before: 100.0 MB.
System memory in use after: 96.1 MB.

Unloading 28 unused Assets to reduce memory usage. Loaded Objects now: 1858.
Total: 4.395700 ms (FindLiveObjects: 0.217400 ms CreateObjectMapping: 0.056900 ms MarkObjects: 1.308100 ms  DeleteObjects: 2.811700 ms)

========================================================================
Received Import Request.
  Time since last request: 371.303678 seconds.
  path: Assets/New Terrain 1.asset
  artifactKey: Guid(371d015d60dac7d47bd2af0495961b83) Importer(815301076,1909f56bfc062723c751e8b465ee728b)
Start importing Assets/New Terrain 1.asset using Guid(371d015d60dac7d47bd2af0495961b83) Importer(815301076,1909f56bfc062723c751e8b465ee728b)  -> (artifact id: '54fc9129d2bf34f2b5bc2db64b03dbfa') in 0.013091 seconds
  Import took 0.015073 seconds .

========================================================================
Received Prepare
Registering precompiled user dll's ...
Registered in 0.000762 seconds.
Begin MonoManager ReloadAssembly
Native extension for WindowsStandalone target not found
Refreshing native plugins compatible for Editor in 0.25 ms, found 0 plugins.
Preloading 0 native plugins for Editor in 0.00 ms.
Invoked RoslynAnalysisRunner static constructor.
RoslynAnalysisRunner will not be running.
RoslynAnalysisRunner has terminated.
Mono: successfully reloaded assembly
- Completed reload, in  0.654 seconds
Platform modules already initialized, skipping
Refreshing native plugins compatible for Editor in 0.26 ms, found 0 plugins.
Preloading 0 native plugins for Editor in 0.00 ms.
Unloading 1362 Unused Serialized files (Serialized files now loaded: 0)
System memory in use before: 99.4 MB.
System memory in use after: 95.4 MB.

Unloading 27 unused Assets to reduce memory usage. Loaded Objects now: 1860.
Total: 3.895800 ms (FindLiveObjects: 0.150900 ms CreateObjectMapping: 0.046500 ms MarkObjects: 1.158700 ms  DeleteObjects: 2.538900 ms)

========================================================================
Received Prepare
Registering precompiled user dll's ...
Registered in 0.000801 seconds.
Begin MonoManager ReloadAssembly
Native extension for WindowsStandalone target not found
Refreshing native plugins compatible for Editor in 0.25 ms, found 0 plugins.
Preloading 0 native plugins for Editor in 0.00 ms.
Invoked RoslynAnalysisRunner static constructor.
RoslynAnalysisRunner will not be running.
RoslynAnalysisRunner has terminated.
Mono: successfully reloaded assembly
- Completed reload, in  0.652 seconds
Platform modules already initialized, skipping
Refreshing native plugins compatible for Editor in 0.24 ms, found 0 plugins.
Preloading 0 native plugins for Editor in 0.00 ms.
Unloading 1362 Unused Serialized files (Serialized files now loaded: 0)
System memory in use before: 99.5 MB.
System memory in use after: 95.5 MB.

Unloading 27 unused Assets to reduce memory usage. Loaded Objects now: 1862.
Total: 5.129700 ms (FindLiveObjects: 0.293600 ms CreateObjectMapping: 0.089000 ms MarkObjects: 1.754900 ms  DeleteObjects: 2.991100 ms)

========================================================================
Received Import Request.
  Time since last request: 960.566931 seconds.
  path: ProjectSettings/TagManager.asset
  artifactKey: Guid(00000000000000003000000000000000) Importer(815301076,1909f56bfc062723c751e8b465ee728b)
Start importing ProjectSettings/TagManager.asset using Guid(00000000000000003000000000000000) Importer(815301076,1909f56bfc062723c751e8b465ee728b)  -> (artifact id: 'e7582cf36897b3ad0c4ad39d6b99f277') in 0.012635 seconds
  Import took 0.014820 seconds .

========================================================================
Received Prepare
Registering precompiled user dll's ...
Registered in 0.001403 seconds.
Begin MonoManager ReloadAssembly
Native extension for WindowsStandalone target not found
Refreshing native plugins compatible for Editor in 0.30 ms, found 0 plugins.
Preloading 0 native plugins for Editor in 0.00 ms.
Invoked RoslynAnalysisRunner static constructor.
RoslynAnalysisRunner will not be running.
RoslynAnalysisRunner has terminated.
Mono: successfully reloaded assembly
- Completed reload, in  0.669 seconds
Platform modules already initialized, skipping
Refreshing native plugins compatible for Editor in 0.30 ms, found 0 plugins.
Preloading 0 native plugins for Editor in 0.00 ms.
Unloading 1397 Unused Serialized files (Serialized files now loaded: 0)
System memory in use before: 100.7 MB.
System memory in use after: 96.7 MB.

Unloading 28 unused Assets to reduce memory usage. Loaded Objects now: 1899.
Total: 4.064800 ms (FindLiveObjects: 0.173300 ms CreateObjectMapping: 0.039500 ms MarkObjects: 1.398800 ms  DeleteObjects: 2.452400 ms)

========================================================================
Received Import Request.
  Time since last request: 241.939575 seconds.
  path: Assets/Imported Assets/NavMesh
  artifactKey: Guid(acc29bf675453c6408e1786f20f685ee) Importer(815301076,1909f56bfc062723c751e8b465ee728b)
Start importing Assets/Imported Assets/NavMesh using Guid(acc29bf675453c6408e1786f20f685ee) Importer(815301076,1909f56bfc062723c751e8b465ee728b)  -> (artifact id: 'b1c5121e9203f1b412176afe2a20a62f') in 0.005183 seconds
  Import took 0.007292 seconds .

========================================================================
Received Import Request.
  Time since last request: 1.139298 seconds.
  path: Assets/Imported Assets/NavMesh/NavMeshComponents
  artifactKey: Guid(90490f1de0cc846679dcec6f99663653) Importer(815301076,1909f56bfc062723c751e8b465ee728b)
Start importing Assets/Imported Assets/NavMesh/NavMeshComponents using Guid(90490f1de0cc846679dcec6f99663653) Importer(815301076,1909f56bfc062723c751e8b465ee728b)  -> (artifact id: 'ef6fac0123140aabf8ea6f5c930e75da') in 0.002605 seconds
  Import took 0.004860 seconds .

========================================================================
Received Import Request.
  Time since last request: 0.000611 seconds.
  path: Assets/Imported Assets/NavMesh/NavMeshComponents
  artifactKey: Guid(90490f1de0cc846679dcec6f99663653) Importer(815301076,1909f56bfc062723c751e8b465ee728b)
Start importing Assets/Imported Assets/NavMesh/NavMeshComponents using Guid(90490f1de0cc846679dcec6f99663653) Importer(815301076,1909f56bfc062723c751e8b465ee728b)  -> (artifact id: 'ef6fac0123140aabf8ea6f5c930e75da') in 0.001832 seconds
  Import took 0.003946 seconds .

========================================================================
Received Import Request.
  Time since last request: 1.093700 seconds.
  path: Assets/Imported Assets/NavMesh/NavMeshComponents/Scripts
  artifactKey: Guid(ce67aa87f613246dda63a54a59c6399e) Importer(815301076,1909f56bfc062723c751e8b465ee728b)
Start importing Assets/Imported Assets/NavMesh/NavMeshComponents/Scripts using Guid(ce67aa87f613246dda63a54a59c6399e) Importer(815301076,1909f56bfc062723c751e8b465ee728b)  -> (artifact id: 'bf6cc29b8569c9dba5c13357ab3fd27a') in 0.012736 seconds
  Import took 0.014698 seconds .

========================================================================
Received Import Request.
  Time since last request: 0.026046 seconds.
  path: Assets/Imported Assets/NavMesh/NavMeshComponents/Scripts/NavMeshComponents.asmdef
  artifactKey: Guid(8c4dd21966739024fbd72155091d199e) Importer(815301076,1909f56bfc062723c751e8b465ee728b)
Start importing Assets/Imported Assets/NavMesh/NavMeshComponents/Scripts/NavMeshComponents.asmdef using Guid(8c4dd21966739024fbd72155091d199e) Importer(815301076,1909f56bfc062723c751e8b465ee728b)  -> (artifact id: '91b5623d416a729ecaaa9fb28fce8682') in 0.003664 seconds
  Import took 0.005864 seconds .

========================================================================
Received Prepare
Registering precompiled user dll's ...
Registered in 0.000874 seconds.
Begin MonoManager ReloadAssembly
Native extension for WindowsStandalone target not found
Refreshing native plugins compatible for Editor in 0.25 ms, found 0 plugins.
Preloading 0 native plugins for Editor in 0.00 ms.
Invoked RoslynAnalysisRunner static constructor.
RoslynAnalysisRunner will not be running.
RoslynAnalysisRunner has terminated.
Mono: successfully reloaded assembly
- Completed reload, in  0.661 seconds
Platform modules already initialized, skipping
Refreshing native plugins compatible for Editor in 0.32 ms, found 0 plugins.
Preloading 0 native plugins for Editor in 0.00 ms.
Unloading 1397 Unused Serialized files (Serialized files now loaded: 0)
System memory in use before: 100.7 MB.
System memory in use after: 96.8 MB.

Unloading 27 unused Assets to reduce memory usage. Loaded Objects now: 1901.
Total: 3.978000 ms (FindLiveObjects: 0.151300 ms CreateObjectMapping: 0.045600 ms MarkObjects: 1.304500 ms  DeleteObjects: 2.475900 ms)

========================================================================
Received Prepare
Registering precompiled user dll's ...
Registered in 0.000731 seconds.
Begin MonoManager ReloadAssembly
Native extension for WindowsStandalone target not found
Refreshing native plugins compatible for Editor in 0.26 ms, found 0 plugins.
Preloading 0 native plugins for Editor in 0.00 ms.
Invoked RoslynAnalysisRunner static constructor.
RoslynAnalysisRunner will not be running.
RoslynAnalysisRunner has terminated.
Mono: successfully reloaded assembly
- Completed reload, in  0.666 seconds
Platform modules already initialized, skipping
Refreshing native plugins compatible for Editor in 0.32 ms, found 0 plugins.
Preloading 0 native plugins for Editor in 0.00 ms.
Unloading 1397 Unused Serialized files (Serialized files now loaded: 0)
System memory in use before: 100.9 MB.
System memory in use after: 97.0 MB.

Unloading 27 unused Assets to reduce memory usage. Loaded Objects now: 1903.
Total: 4.743600 ms (FindLiveObjects: 0.240700 ms CreateObjectMapping: 0.080900 ms MarkObjects: 1.763600 ms  DeleteObjects: 2.657000 ms)

========================================================================
Received Prepare
Registering precompiled user dll's ...
Registered in 0.000910 seconds.
Begin MonoManager ReloadAssembly
Native extension for WindowsStandalone target not found
Refreshing native plugins compatible for Editor in 0.26 ms, found 0 plugins.
Preloading 0 native plugins for Editor in 0.00 ms.
Invoked RoslynAnalysisRunner static constructor.
RoslynAnalysisRunner will not be running.
RoslynAnalysisRunner has terminated.
Mono: successfully reloaded assembly
- Completed reload, in  0.666 seconds
Platform modules already initialized, skipping
Refreshing native plugins compatible for Editor in 0.25 ms, found 0 plugins.
Preloading 0 native plugins for Editor in 0.00 ms.
Unloading 1397 Unused Serialized files (Serialized files now loaded: 0)
System memory in use before: 101.1 MB.
System memory in use after: 97.1 MB.

Unloading 27 unused Assets to reduce memory usage. Loaded Objects now: 1905.
Total: 3.974800 ms (FindLiveObjects: 0.173400 ms CreateObjectMapping: 0.052700 ms MarkObjects: 1.323900 ms  DeleteObjects: 2.423800 ms)

========================================================================
Received Prepare
Registering precompiled user dll's ...
Registered in 0.000755 seconds.
Begin MonoManager ReloadAssembly
Native extension for WindowsStandalone target not found
Refreshing native plugins compatible for Editor in 0.25 ms, found 0 plugins.
Preloading 0 native plugins for Editor in 0.00 ms.
Invoked RoslynAnalysisRunner static constructor.
RoslynAnalysisRunner will not be running.
RoslynAnalysisRunner has terminated.
Mono: successfully reloaded assembly
- Completed reload, in  0.655 seconds
Platform modules already initialized, skipping
Refreshing native plugins compatible for Editor in 0.26 ms, found 0 plugins.
Preloading 0 native plugins for Editor in 0.00 ms.
Unloading 1397 Unused Serialized files (Serialized files now loaded: 0)
System memory in use before: 101.1 MB.
System memory in use after: 97.1 MB.

Unloading 27 unused Assets to reduce memory usage. Loaded Objects now: 1907.
Total: 3.954400 ms (FindLiveObjects: 0.150800 ms CreateObjectMapping: 0.044500 ms MarkObjects: 1.298800 ms  DeleteObjects: 2.459000 ms)

========================================================================
Received Prepare
Registering precompiled user dll's ...
Registered in 0.000827 seconds.
Begin MonoManager ReloadAssembly
Native extension for WindowsStandalone target not found
Refreshing native plugins compatible for Editor in 0.27 ms, found 0 plugins.
Preloading 0 native plugins for Editor in 0.00 ms.
Invoked RoslynAnalysisRunner static constructor.
RoslynAnalysisRunner will not be running.
RoslynAnalysisRunner has terminated.
Mono: successfully reloaded assembly
- Completed reload, in  0.723 seconds
Platform modules already initialized, skipping
Refreshing native plugins compatible for Editor in 0.26 ms, found 0 plugins.
Preloading 0 native plugins for Editor in 0.00 ms.
Unloading 1397 Unused Serialized files (Serialized files now loaded: 0)
System memory in use before: 100.4 MB.
System memory in use after: 96.4 MB.

Unloading 27 unused Assets to reduce memory usage. Loaded Objects now: 1909.
Total: 4.125400 ms (FindLiveObjects: 0.239000 ms CreateObjectMapping: 0.045800 ms MarkObjects: 1.218000 ms  DeleteObjects: 2.621600 ms)

========================================================================
Received Prepare
Registering precompiled user dll's ...
Registered in 0.000727 seconds.
Begin MonoManager ReloadAssembly
Native extension for WindowsStandalone target not found
Refreshing native plugins compatible for Editor in 0.27 ms, found 0 plugins.
Preloading 0 native plugins for Editor in 0.00 ms.
Invoked RoslynAnalysisRunner static constructor.
RoslynAnalysisRunner will not be running.
RoslynAnalysisRunner has terminated.
Mono: successfully reloaded assembly
- Completed reload, in  0.688 seconds
Platform modules already initialized, skipping
Refreshing native plugins compatible for Editor in 0.25 ms, found 0 plugins.
Preloading 0 native plugins for Editor in 0.00 ms.
Unloading 1398 Unused Serialized files (Serialized files now loaded: 0)
System memory in use before: 100.6 MB.
System memory in use after: 96.6 MB.

Unloading 27 unused Assets to reduce memory usage. Loaded Objects now: 1912.
Total: 4.285100 ms (FindLiveObjects: 0.172000 ms CreateObjectMapping: 0.050200 ms MarkObjects: 1.333400 ms  DeleteObjects: 2.728300 ms)

========================================================================
Received Prepare
Registering precompiled user dll's ...
Registered in 0.000849 seconds.
Begin MonoManager ReloadAssembly
Native extension for WindowsStandalone target not found
Refreshing native plugins compatible for Editor in 0.26 ms, found 0 plugins.
Preloading 0 native plugins for Editor in 0.00 ms.
Invoked RoslynAnalysisRunner static constructor.
RoslynAnalysisRunner will not be running.
RoslynAnalysisRunner has terminated.
Mono: successfully reloaded assembly
- Completed reload, in  0.663 seconds
Platform modules already initialized, skipping
Refreshing native plugins compatible for Editor in 0.29 ms, found 0 plugins.
Preloading 0 native plugins for Editor in 0.00 ms.
Unloading 1398 Unused Serialized files (Serialized files now loaded: 0)
System memory in use before: 100.7 MB.
System memory in use after: 96.7 MB.

Unloading 27 unused Assets to reduce memory usage. Loaded Objects now: 1914.
Total: 4.234600 ms (FindLiveObjects: 0.169900 ms CreateObjectMapping: 0.051900 ms MarkObjects: 1.422800 ms  DeleteObjects: 2.588500 ms)

========================================================================
Received Prepare
Registering precompiled user dll's ...
Registered in 0.001434 seconds.
Begin MonoManager ReloadAssembly
Native extension for WindowsStandalone target not found
Refreshing native plugins compatible for Editor in 0.26 ms, found 0 plugins.
Preloading 0 native plugins for Editor in 0.00 ms.
Invoked RoslynAnalysisRunner static constructor.
RoslynAnalysisRunner will not be running.
RoslynAnalysisRunner has terminated.
Mono: successfully reloaded assembly
- Completed reload, in  0.686 seconds
Platform modules already initialized, skipping
Refreshing native plugins compatible for Editor in 0.26 ms, found 0 plugins.
Preloading 0 native plugins for Editor in 0.00 ms.
Unloading 1398 Unused Serialized files (Serialized files now loaded: 0)
System memory in use before: 100.8 MB.
System memory in use after: 96.9 MB.

Unloading 27 unused Assets to reduce memory usage. Loaded Objects now: 1916.
Total: 3.955500 ms (FindLiveObjects: 0.149500 ms CreateObjectMapping: 0.044300 ms MarkObjects: 1.240500 ms  DeleteObjects: 2.520300 ms)

========================================================================
Received Prepare
Registering precompiled user dll's ...
Registered in 0.000828 seconds.
Begin MonoManager ReloadAssembly
Native extension for WindowsStandalone target not found
Refreshing native plugins compatible for Editor in 0.28 ms, found 0 plugins.
Preloading 0 native plugins for Editor in 0.00 ms.
Invoked RoslynAnalysisRunner static constructor.
RoslynAnalysisRunner will not be running.
RoslynAnalysisRunner has terminated.
Mono: successfully reloaded assembly
- Completed reload, in  0.730 seconds
Platform modules already initialized, skipping
Refreshing native plugins compatible for Editor in 0.31 ms, found 0 plugins.
Preloading 0 native plugins for Editor in 0.00 ms.
Unloading 1398 Unused Serialized files (Serialized files now loaded: 0)
System memory in use before: 101.0 MB.
System memory in use after: 97.0 MB.

Unloading 27 unused Assets to reduce memory usage. Loaded Objects now: 1918.
Total: 4.596100 ms (FindLiveObjects: 0.207000 ms CreateObjectMapping: 0.096100 ms MarkObjects: 1.439100 ms  DeleteObjects: 2.852700 ms)

========================================================================
Received Prepare
Registering precompiled user dll's ...
Registered in 0.000686 seconds.
Begin MonoManager ReloadAssembly
Native extension for WindowsStandalone target not found
Refreshing native plugins compatible for Editor in 0.26 ms, found 0 plugins.
Preloading 0 native plugins for Editor in 0.00 ms.
Invoked RoslynAnalysisRunner static constructor.
RoslynAnalysisRunner will not be running.
RoslynAnalysisRunner has terminated.
Mono: successfully reloaded assembly
- Completed reload, in  0.676 seconds
Platform modules already initialized, skipping
Refreshing native plugins compatible for Editor in 0.25 ms, found 0 plugins.
Preloading 0 native plugins for Editor in 0.00 ms.
Unloading 1398 Unused Serialized files (Serialized files now loaded: 0)
System memory in use before: 101.1 MB.
System memory in use after: 97.2 MB.

Unloading 27 unused Assets to reduce memory usage. Loaded Objects now: 1920.
Total: 4.705400 ms (FindLiveObjects: 0.178300 ms CreateObjectMapping: 0.048800 ms MarkObjects: 1.630500 ms  DeleteObjects: 2.846600 ms)

========================================================================
Received Prepare
Registering precompiled user dll's ...
Registered in 0.001121 seconds.
Begin MonoManager ReloadAssembly
Native extension for WindowsStandalone target not found
Refreshing native plugins compatible for Editor in 0.30 ms, found 0 plugins.
Preloading 0 native plugins for Editor in 0.00 ms.
Invoked RoslynAnalysisRunner static constructor.
RoslynAnalysisRunner will not be running.
RoslynAnalysisRunner has terminated.
Mono: successfully reloaded assembly
- Completed reload, in  0.676 seconds
Platform modules already initialized, skipping
Refreshing native plugins compatible for Editor in 0.29 ms, found 0 plugins.
Preloading 0 native plugins for Editor in 0.00 ms.
Unloading 1399 Unused Serialized files (Serialized files now loaded: 0)
System memory in use before: 100.4 MB.
System memory in use after: 96.4 MB.

Unloading 27 unused Assets to reduce memory usage. Loaded Objects now: 1923.
Total: 3.808600 ms (FindLiveObjects: 0.161500 ms CreateObjectMapping: 0.045800 ms MarkObjects: 1.119800 ms  DeleteObjects: 2.480800 ms)

========================================================================
Received Prepare
Registering precompiled user dll's ...
Registered in 0.000709 seconds.
Begin MonoManager ReloadAssembly
Native extension for WindowsStandalone target not found
Refreshing native plugins compatible for Editor in 0.27 ms, found 0 plugins.
Preloading 0 native plugins for Editor in 0.00 ms.
Invoked RoslynAnalysisRunner static constructor.
RoslynAnalysisRunner will not be running.
RoslynAnalysisRunner has terminated.
Mono: successfully reloaded assembly
- Completed reload, in  0.652 seconds
Platform modules already initialized, skipping
Refreshing native plugins compatible for Editor in 0.25 ms, found 0 plugins.
Preloading 0 native plugins for Editor in 0.00 ms.
Unloading 1399 Unused Serialized files (Serialized files now loaded: 0)
System memory in use before: 100.5 MB.
System memory in use after: 96.5 MB.

Unloading 27 unused Assets to reduce memory usage. Loaded Objects now: 1925.
Total: 3.941700 ms (FindLiveObjects: 0.158000 ms CreateObjectMapping: 0.039400 ms MarkObjects: 1.232500 ms  DeleteObjects: 2.510900 ms)

========================================================================
Received Import Request.
  Time since last request: 12929.104492 seconds.
  path: Assets/Materials
  artifactKey: Guid(50d6b7da46c51f944b63e603d94aba0e) Importer(815301076,1909f56bfc062723c751e8b465ee728b)
Start importing Assets/Materials using Guid(50d6b7da46c51f944b63e603d94aba0e) Importer(815301076,1909f56bfc062723c751e8b465ee728b)  -> (artifact id: '5a894b986c62c902d9d2be34b10730e2') in 0.005412 seconds
  Import took 0.007886 seconds .

========================================================================
Received Import Request.
  Time since last request: 11.173672 seconds.
  path: Assets/Materials/New Material.mat
  artifactKey: Guid(eae7beacfc73ed14385210b310c0a7ca) Importer(815301076,1909f56bfc062723c751e8b465ee728b)
Start importing Assets/Materials/New Material.mat using Guid(eae7beacfc73ed14385210b310c0a7ca) Importer(815301076,1909f56bfc062723c751e8b465ee728b)  -> (artifact id: '85b8a4cbb499bd76b9decd836e990826') in 0.068742 seconds
  Import took 0.070887 seconds .

========================================================================
Received Prepare
Registering precompiled user dll's ...
Registered in 0.000672 seconds.
Begin MonoManager ReloadAssembly
Native extension for WindowsStandalone target not found
Refreshing native plugins compatible for Editor in 0.25 ms, found 0 plugins.
Preloading 0 native plugins for Editor in 0.00 ms.
Invoked RoslynAnalysisRunner static constructor.
RoslynAnalysisRunner will not be running.
RoslynAnalysisRunner has terminated.
Mono: successfully reloaded assembly
- Completed reload, in  0.674 seconds
Platform modules already initialized, skipping
Refreshing native plugins compatible for Editor in 0.27 ms, found 0 plugins.
Preloading 0 native plugins for Editor in 0.00 ms.
Unloading 1399 Unused Serialized files (Serialized files now loaded: 0)
System memory in use before: 100.9 MB.
System memory in use after: 97.0 MB.

Unloading 27 unused Assets to reduce memory usage. Loaded Objects now: 1961.
Total: 4.470100 ms (FindLiveObjects: 0.159100 ms CreateObjectMapping: 0.046500 ms MarkObjects: 1.281100 ms  DeleteObjects: 2.982300 ms)

========================================================================
Received Prepare
Registering precompiled user dll's ...
Registered in 0.000851 seconds.
Begin MonoManager ReloadAssembly
Native extension for WindowsStandalone target not found
Refreshing native plugins compatible for Editor in 0.25 ms, found 0 plugins.
Preloading 0 native plugins for Editor in 0.00 ms.
Invoked RoslynAnalysisRunner static constructor.
RoslynAnalysisRunner will not be running.
RoslynAnalysisRunner has terminated.
Mono: successfully reloaded assembly
- Completed reload, in  0.669 seconds
Platform modules already initialized, skipping
Refreshing native plugins compatible for Editor in 0.25 ms, found 0 plugins.
Preloading 0 native plugins for Editor in 0.00 ms.
Unloading 1399 Unused Serialized files (Serialized files now loaded: 0)
System memory in use before: 101.1 MB.
System memory in use after: 97.1 MB.

Unloading 27 unused Assets to reduce memory usage. Loaded Objects now: 1963.
Total: 3.937000 ms (FindLiveObjects: 0.161400 ms CreateObjectMapping: 0.042400 ms MarkObjects: 1.303200 ms  DeleteObjects: 2.429200 ms)

========================================================================
Received Prepare
Registering precompiled user dll's ...
Registered in 0.000768 seconds.
Begin MonoManager ReloadAssembly
Native extension for WindowsStandalone target not found
Refreshing native plugins compatible for Editor in 0.26 ms, found 0 plugins.
Preloading 0 native plugins for Editor in 0.00 ms.
Invoked RoslynAnalysisRunner static constructor.
RoslynAnalysisRunner will not be running.
RoslynAnalysisRunner has terminated.
Mono: successfully reloaded assembly
- Completed reload, in  0.694 seconds
Platform modules already initialized, skipping
Refreshing native plugins compatible for Editor in 0.26 ms, found 0 plugins.
Preloading 0 native plugins for Editor in 0.00 ms.
Unloading 1399 Unused Serialized files (Serialized files now loaded: 0)
System memory in use before: 101.2 MB.
System memory in use after: 97.3 MB.

Unloading 27 unused Assets to reduce memory usage. Loaded Objects now: 1965.
Total: 4.506800 ms (FindLiveObjects: 0.378600 ms CreateObjectMapping: 0.051200 ms MarkObjects: 1.348300 ms  DeleteObjects: 2.727600 ms)

========================================================================
Received Prepare
Registering precompiled user dll's ...
Registered in 0.000826 seconds.
Begin MonoManager ReloadAssembly
Native extension for WindowsStandalone target not found
Refreshing native plugins compatible for Editor in 0.25 ms, found 0 plugins.
Preloading 0 native plugins for Editor in 0.00 ms.
Invoked RoslynAnalysisRunner static constructor.
RoslynAnalysisRunner will not be running.
RoslynAnalysisRunner has terminated.
Mono: successfully reloaded assembly
- Completed reload, in  0.660 seconds
Platform modules already initialized, skipping
Refreshing native plugins compatible for Editor in 0.26 ms, found 0 plugins.
Preloading 0 native plugins for Editor in 0.00 ms.
Unloading 1399 Unused Serialized files (Serialized files now loaded: 0)
System memory in use before: 101.4 MB.
System memory in use after: 97.5 MB.

Unloading 27 unused Assets to reduce memory usage. Loaded Objects now: 1967.
Total: 3.873600 ms (FindLiveObjects: 0.239600 ms CreateObjectMapping: 0.043600 ms MarkObjects: 1.179000 ms  DeleteObjects: 2.410600 ms)

========================================================================
Received Prepare
Registering precompiled user dll's ...
Registered in 0.000894 seconds.
Begin MonoManager ReloadAssembly
Native extension for WindowsStandalone target not found
Refreshing native plugins compatible for Editor in 0.26 ms, found 0 plugins.
Preloading 0 native plugins for Editor in 0.00 ms.
Invoked RoslynAnalysisRunner static constructor.
RoslynAnalysisRunner will not be running.
RoslynAnalysisRunner has terminated.
Mono: successfully reloaded assembly
- Completed reload, in  0.629 seconds
Platform modules already initialized, skipping
Refreshing native plugins compatible for Editor in 0.29 ms, found 0 plugins.
Preloading 0 native plugins for Editor in 0.00 ms.
Unloading 1399 Unused Serialized files (Serialized files now loaded: 0)
System memory in use before: 101.4 MB.
System memory in use after: 97.5 MB.

Unloading 27 unused Assets to reduce memory usage. Loaded Objects now: 1969.
Total: 4.215200 ms (FindLiveObjects: 0.210400 ms CreateObjectMapping: 0.073800 ms MarkObjects: 1.354000 ms  DeleteObjects: 2.576300 ms)

========================================================================
Received Import Request.
  Time since last request: 886.382221 seconds.
  path: Assets/Imported Assets/BEast1.mb
  artifactKey: Guid(de7750dab2b6d4541a66efcb923268e0) Importer(815301076,1909f56bfc062723c751e8b465ee728b)
Start importing Assets/Imported Assets/BEast1.mb using Guid(de7750dab2b6d4541a66efcb923268e0) Importer(815301076,1909f56bfc062723c751e8b465ee728b)  -> (artifact id: 'e9e2c76b52d3a5eca91e560a1232620c') in 0.104901 seconds
  Import took 0.107951 seconds .

========================================================================
Received Prepare
Registering precompiled user dll's ...
Registered in 0.000802 seconds.
Begin MonoManager ReloadAssembly
Native extension for WindowsStandalone target not found
Refreshing native plugins compatible for Editor in 0.26 ms, found 0 plugins.
Preloading 0 native plugins for Editor in 0.00 ms.
Invoked RoslynAnalysisRunner static constructor.
RoslynAnalysisRunner will not be running.
RoslynAnalysisRunner has terminated.
Mono: successfully reloaded assembly
- Completed reload, in  0.657 seconds
Platform modules already initialized, skipping
Refreshing native plugins compatible for Editor in 0.25 ms, found 0 plugins.
Preloading 0 native plugins for Editor in 0.00 ms.
Unloading 1399 Unused Serialized files (Serialized files now loaded: 0)
System memory in use before: 101.0 MB.
System memory in use after: 97.0 MB.

Unloading 27 unused Assets to reduce memory usage. Loaded Objects now: 1975.
Total: 3.929400 ms (FindLiveObjects: 0.151600 ms CreateObjectMapping: 0.041500 ms MarkObjects: 1.274800 ms  DeleteObjects: 2.460600 ms)

